2022.01.28 10:46:21 INFO  tracing is disabled for protocol LSP, to enable tracing of incoming and outgoing JSON messages create an empty file at c:\Users\gianc\Desktop\Revature\BigDataRepo\ClassWork\group project\groupproject\.metals\lsp.trace.json or C:\Users\gianc\AppData\Local\scalameta\metals\cache\lsp.trace.json
2022.01.28 10:46:21 INFO  logging to file C:\Users\gianc\Desktop\Revature\BigDataRepo\ClassWork\group project\groupproject\.metals\metals.log
2022.01.28 10:46:21 INFO  Started: Metals version 0.11.1 in workspace 'C:\Users\gianc\Desktop\Revature\BigDataRepo\ClassWork\group project\groupproject' for client Visual Studio Code 1.63.2.
2022.01.28 10:46:21 INFO  Parse release: 11.0.11
2022.01.28 10:46:24 INFO  time: initialize in 2.54s
2022.01.28 10:46:24 WARN  Build server is not auto-connectable.
2022.01.28 10:46:50 WARN  no build target for: C:\Users\gianc\Desktop\Revature\BigDataRepo\ClassWork\group project\groupproject\src\main\scala\Main.scala
2022.01.28 10:46:53 INFO  no build target found for C:\Users\gianc\Desktop\Revature\BigDataRepo\ClassWork\group project\groupproject\src\main\scala\Main.scala. Using presentation compiler with project's scala-library version: 3.1.0
Jan 28, 2022 10:46:54 AM org.eclipse.lsp4j.jsonrpc.RemoteEndpoint handleCancellation
WARNING: Unmatched cancel notification for request id 9
2022.01.28 10:46:55 INFO  time: code lens generation in 1.67s
2022.01.28 10:46:55 INFO  time: code lens generation in 4.81s
2022.01.28 10:46:55 INFO  time: code lens generation in 4.81s
2022.01.28 10:46:55 INFO  time: code lens generation in 1.67s
2022.01.28 10:57:19 WARN  no build target for: C:\Users\gianc\Desktop\Revature\BigDataRepo\ClassWork\group project\groupproject\src\main\scala\Main.scala
2022.01.28 10:58:25 WARN  no build target for: C:\Users\gianc\Desktop\Revature\BigDataRepo\ClassWork\group project\groupproject\src\main\scala\Main.scala
2022.01.28 10:58:55 WARN  no build target for: C:\Users\gianc\Desktop\Revature\BigDataRepo\ClassWork\group project\groupproject\src\main\scala\Main.scala
2022.01.28 11:00:04 WARN  no build target for: C:\Users\gianc\Desktop\Revature\BigDataRepo\ClassWork\group project\groupproject\src\main\scala\Main.scala
2022.01.28 11:00:13 WARN  no build target for: C:\Users\gianc\Desktop\Revature\BigDataRepo\ClassWork\group project\groupproject\src\main\scala\Main.scala
2022.01.28 11:01:28 WARN  no build target for: C:\Users\gianc\Desktop\Revature\BigDataRepo\ClassWork\group project\groupproject\src\main\scala\Main.scala
2022.01.28 11:01:47 WARN  no build target for: C:\Users\gianc\Desktop\Revature\BigDataRepo\ClassWork\group project\groupproject\src\main\scala\Main.scala
